<?xml version="1.0" encoding="UTF-8"?>
<!-- Generated by org.testng.reporters.JUnitXMLReporter -->
<testsuite hostname="Lenovo" ignored="0" name="Test" tests="10" failures="8" timestamp="13 Mar 2018 13:20:57 GMT" time="683.489" errors="0">
  <testcase name="enablebox" time="0.458" classname="org.mv.seleni.MavenTestNg.AdactinPageTest"/>
  <testcase name="wrongUser" time="4.535" classname="org.mv.seleni.MavenTestNg.AdactinPageTest">
    <failure type="java.lang.AssertionError" message="expected [http://www.adactin.com/HotelApp/] but found [http://www.adactin.com/HotelApp/SearchHotel.php]">
      <![CDATA[java.lang.AssertionError: expected [http://www.adactin.com/HotelApp/] but found [http://www.adactin.com/HotelApp/SearchHotel.php]
at org.mv.seleni.MavenTestNg.AdactinPageTest.wrongUser(AdactinPageTest.java:50)
... Removed 31 stack frames]]>
    </failure>
  </testcase> <!-- wrongUser -->
  <testcase name="withoutUserPass" time="0.314" classname="org.mv.seleni.MavenTestNg.AdactinPageTest">
    <failure type="java.lang.AssertionError" message="expected [http://www.adactin.com/HotelApp/] but found [http://www.adactin.com/HotelApp/SearchHotel.php]">
      <![CDATA[java.lang.AssertionError: expected [http://www.adactin.com/HotelApp/] but found [http://www.adactin.com/HotelApp/SearchHotel.php]
at org.mv.seleni.MavenTestNg.AdactinPageTest.withoutUserPass(AdactinPageTest.java:71)
... Removed 31 stack frames]]>
    </failure>
  </testcase> <!-- withoutUserPass -->
  <testcase name="correctUserPass" time="3.926" classname="org.mv.seleni.MavenTestNg.AdactinPageTest"/>
  <testcase name="correctUserWrongPass" time="1.934" classname="org.mv.seleni.MavenTestNg.AdactinPageTest">
    <failure type="java.lang.AssertionError" message="expected [http://www.adactin.com/HotelApp/] but found [http://www.adactin.com/HotelApp/SearchHotel.php]">
      <![CDATA[java.lang.AssertionError: expected [http://www.adactin.com/HotelApp/] but found [http://www.adactin.com/HotelApp/SearchHotel.php]
at org.mv.seleni.MavenTestNg.AdactinPageTest.correctUserWrongPass(AdactinPageTest.java:27)
... Removed 31 stack frames]]>
    </failure>
  </testcase> <!-- correctUserWrongPass -->
  <testcase name="correctUrl" time="0.075" classname="org.mv.seleni.MavenTestNg.AdactinSearchTest">
    <failure type="java.lang.AssertionError" message="expected [http://www.adactin.com/HotelApp/] but found [http://www.adactin.com/HotelApp/SearchHotel.php]">
      <![CDATA[java.lang.AssertionError: expected [http://www.adactin.com/HotelApp/] but found [http://www.adactin.com/HotelApp/SearchHotel.php]
at org.mv.seleni.MavenTestNg.AdactinSearchTest.correctUrl(AdactinSearchTest.java:21)
... Removed 31 stack frames]]>
    </failure>
  </testcase> <!-- correctUrl -->
  <testcase name="woLocation" time="0.23" classname="org.mv.seleni.MavenTestNg.AdactinSearchTest">
    <failure type="org.openqa.selenium.NoSuchElementException" message="no such element: Unable to locate element: {&amp;quot;method&amp;quot;:&amp;quot;id&amp;quot;,&amp;quot;selector&amp;quot;:&amp;quot;Submit&amp;quot;}
  (Session info: chrome=64.0.3282.186)
  (Driver info: chromedriver=2.36.540470 (e522d04694c7ebea4ba8821272dbef4f9b818c91),platform=Windows NT 10.0.16299 x86_64) (WARNING: The server did not provide any stacktrace information)
Command duration or timeout: 0 milliseconds
For documentation on this error, please visit: http://seleniumhq.org/exceptions/no_such_element.html
Build info: version: &amp;apos;3.10.0&amp;apos;, revision: &amp;apos;176b4a9&amp;apos;, time: &amp;apos;2018-03-02T19:03:16.397Z&amp;apos;
System info: host: &amp;apos;LENOVO&amp;apos;, ip: &amp;apos;192.168.1.3&amp;apos;, os.name: &amp;apos;Windows 10&amp;apos;, os.arch: &amp;apos;amd64&amp;apos;, os.version: &amp;apos;10.0&amp;apos;, java.version: &amp;apos;1.8.0_161&amp;apos;
Driver info: org.openqa.selenium.chrome.ChromeDriver
Capabilities {acceptInsecureCerts: false, acceptSslCerts: false, applicationCacheEnabled: false, browserConnectionEnabled: false, browserName: chrome, chrome: {chromedriverVersion: 2.36.540470 (e522d04694c7eb..., userDataDir: C:\Users\ELCOT\AppData\Loca...}, cssSelectorsEnabled: true, databaseEnabled: false, handlesAlerts: true, hasTouchScreen: false, javascriptEnabled: true, locationContextEnabled: true, mobileEmulationEnabled: false, nativeEvents: true, networkConnectionEnabled: false, pageLoadStrategy: normal, platform: XP, platformName: XP, rotatable: false, setWindowRect: true, takesHeapSnapshot: true, takesScreenshot: true, unexpectedAlertBehaviour: , unhandledPromptBehavior: , version: 64.0.3282.186, webStorageEnabled: true}
Session ID: 33f286146868b6f4e2d66bea5c81deba
*** Element info: {Using=id, value=Submit}">
      <![CDATA[org.openqa.selenium.NoSuchElementException: no such element: Unable to locate element: {"method":"id","selector":"Submit"}
  (Session info: chrome=64.0.3282.186)
  (Driver info: chromedriver=2.36.540470 (e522d04694c7ebea4ba8821272dbef4f9b818c91),platform=Windows NT 10.0.16299 x86_64) (WARNING: The server did not provide any stacktrace information)
Command duration or timeout: 0 milliseconds
For documentation on this error, please visit: http://seleniumhq.org/exceptions/no_such_element.html
Build info: version: '3.10.0', revision: '176b4a9', time: '2018-03-02T19:03:16.397Z'
System info: host: 'LENOVO', ip: '192.168.1.3', os.name: 'Windows 10', os.arch: 'amd64', os.version: '10.0', java.version: '1.8.0_161'
Driver info: org.openqa.selenium.chrome.ChromeDriver
Capabilities {acceptInsecureCerts: false, acceptSslCerts: false, applicationCacheEnabled: false, browserConnectionEnabled: false, browserName: chrome, chrome: {chromedriverVersion: 2.36.540470 (e522d04694c7eb..., userDataDir: C:\Users\ELCOT\AppData\Loca...}, cssSelectorsEnabled: true, databaseEnabled: false, handlesAlerts: true, hasTouchScreen: false, javascriptEnabled: true, locationContextEnabled: true, mobileEmulationEnabled: false, nativeEvents: true, networkConnectionEnabled: false, pageLoadStrategy: normal, platform: XP, platformName: XP, rotatable: false, setWindowRect: true, takesHeapSnapshot: true, takesScreenshot: true, unexpectedAlertBehaviour: , unhandledPromptBehavior: , version: 64.0.3282.186, webStorageEnabled: true}
Session ID: 33f286146868b6f4e2d66bea5c81deba
*** Element info: {Using=id, value=Submit}
at org.openqa.selenium.remote.ErrorHandler.createThrowable(ErrorHandler.java:214)
at org.openqa.selenium.remote.ErrorHandler.throwIfResponseFailed(ErrorHandler.java:166)
at org.openqa.selenium.remote.http.JsonHttpResponseCodec.reconstructValue(JsonHttpResponseCodec.java:40)
at org.openqa.selenium.remote.http.AbstractHttpResponseCodec.decode(AbstractHttpResponseCodec.java:80)
at org.openqa.selenium.remote.http.AbstractHttpResponseCodec.decode(AbstractHttpResponseCodec.java:44)
at org.openqa.selenium.remote.HttpCommandExecutor.execute(HttpCommandExecutor.java:160)
at org.openqa.selenium.remote.service.DriverCommandExecutor.execute(DriverCommandExecutor.java:83)
at org.openqa.selenium.remote.RemoteWebDriver.execute(RemoteWebDriver.java:601)
at org.openqa.selenium.remote.RemoteWebDriver.findElement(RemoteWebDriver.java:371)
at org.openqa.selenium.remote.RemoteWebDriver.findElementById(RemoteWebDriver.java:417)
at org.openqa.selenium.By$ById.findElement(By.java:218)
at org.openqa.selenium.remote.RemoteWebDriver.findElement(RemoteWebDriver.java:363)
at org.openqa.selenium.support.pagefactory.DefaultElementLocator.findElement(DefaultElementLocator.java:69)
at org.openqa.selenium.support.pagefactory.internal.LocatingElementHandler.invoke(LocatingElementHandler.java:38)
at com.sun.proxy.$Proxy9.isDisplayed(Unknown Source)
at org.demo.base.BaseClass.displayText(BaseClass.java:85)
at org.demo.base.BaseClass.click(BaseClass.java:70)
at org.mv.seleni.MavenTestNg.AdactinSearchTest.woLocation(AdactinSearchTest.java:26)
... Removed 29 stack frames]]>
    </failure>
  </testcase> <!-- woLocation -->
  <testcase name="rest" time="0.2" classname="org.mv.seleni.MavenTestNg.AdactinSearchTest">
    <failure type="java.lang.IndexOutOfBoundsException" message="Index: 14, Size: 11">
      <![CDATA[java.lang.IndexOutOfBoundsException: Index: 14, Size: 11
at java.util.ArrayList.rangeCheck(Unknown Source)
at java.util.ArrayList.get(Unknown Source)
at org.demo.base.BaseClass.getDataExcel(BaseClass.java:220)
at org.mv.seleni.MavenTestNg.AdactinSearchTest.rest(AdactinSearchTest.java:44)
... Removed 25 stack frames]]>
    </failure>
  </testcase> <!-- rest -->
  <testcase name="withoutCheckdate" time="0.106" classname="org.mv.seleni.MavenTestNg.AdactinSearchTest">
    <failure type="java.lang.IndexOutOfBoundsException" message="Index: 16, Size: 11">
      <![CDATA[java.lang.IndexOutOfBoundsException: Index: 16, Size: 11
at java.util.ArrayList.rangeCheck(Unknown Source)
at java.util.ArrayList.get(Unknown Source)
at org.demo.base.BaseClass.getDataExcel(BaseClass.java:220)
at org.mv.seleni.MavenTestNg.AdactinSearchTest.withoutCheckdate(AdactinSearchTest.java:53)
... Removed 25 stack frames]]>
    </failure>
  </testcase> <!-- withoutCheckdate -->
  <testcase name="pastCheckoutDate" time="0.078" classname="org.mv.seleni.MavenTestNg.AdactinSearchTest">
    <failure type="java.lang.IndexOutOfBoundsException" message="Index: 12, Size: 11">
      <![CDATA[java.lang.IndexOutOfBoundsException: Index: 12, Size: 11
at java.util.ArrayList.rangeCheck(Unknown Source)
at java.util.ArrayList.get(Unknown Source)
at org.demo.base.BaseClass.getDataExcel(BaseClass.java:220)
at org.mv.seleni.MavenTestNg.AdactinSearchTest.pastCheckoutDate(AdactinSearchTest.java:33)
... Removed 25 stack frames]]>
    </failure>
  </testcase> <!-- pastCheckoutDate -->
</testsuite> <!-- Test -->
