<!DOCTYPE html PUBLIC "-//W3C//DTD XHTML 1.1//EN" "http://www.w3.org/TR/xhtml11/DTD/xhtml11.dtd">
<html xmlns="http://www.w3.org/1999/xhtml">
<head>
<meta http-equiv="content-type" content="text/html; charset=UTF-8"/>
<title>TestNG Report</title>
<style type="text/css">table {margin-bottom:10px;border-collapse:collapse;empty-cells:show}th,td {border:1px solid #009;padding:.25em .5em}th {vertical-align:bottom}td {vertical-align:top}table a {font-weight:bold}.stripe td {background-color: #E6EBF9}.num {text-align:right}.passedodd td {background-color: #3F3}.passedeven td {background-color: #0A0}.skippedodd td {background-color: #DDD}.skippedeven td {background-color: #CCC}.failedodd td,.attn {background-color: #F33}.failedeven td,.stripe .attn {background-color: #D00}.stacktrace {white-space:pre;font-family:monospace}.totop {font-size:85%;text-align:center;border-bottom:2px solid #000}.invisible {display:none}</style>
</head>
<body>
<table>
<tr><th>Test</th><th># Passed</th><th># Skipped</th><th># Failed</th><th>Time (ms)</th><th>Included Groups</th><th>Excluded Groups</th></tr>
<tr><th colspan="7">Suite</th></tr>
<tr><td><a href="#t0">Test</a></td><td class="num">2</td><td class="num">0</td><td class="num attn">8</td><td class="num">683,489</td><td></td><td></td></tr>
</table>
<table id='summary'><thead><tr><th>Class</th><th>Method</th><th>Start</th><th>Time (ms)</th></tr></thead><tbody><tr><th colspan="4">Suite</th></tr></tbody><tbody id="t0"><tr><th colspan="4">Test &#8212; failed</th></tr><tr class="failedeven"><td rowspan="3">org.mv.seleni.MavenTestNg.AdactinPageTest</td><td><a href="#m0">correctUserWrongPass</a></td><td rowspan="1">1520946956332</td><td rowspan="1">1934</td></tr><tr class="failedeven"><td><a href="#m1">withoutUserPass</a></td><td rowspan="1">1520946808033</td><td rowspan="1">314</td></tr><tr class="failedeven"><td><a href="#m2">wrongUser</a></td><td rowspan="1">1520946731224</td><td rowspan="1">4535</td></tr><tr class="failedodd"><td rowspan="5">org.mv.seleni.MavenTestNg.AdactinSearchTest</td><td><a href="#m3">correctUrl</a></td><td rowspan="1">1520946968595</td><td rowspan="1">75</td></tr><tr class="failedodd"><td><a href="#m4">pastCheckoutDate</a></td><td rowspan="1">1520947255722</td><td rowspan="1">78</td></tr><tr class="failedodd"><td><a href="#m5">rest</a></td><td rowspan="1">1520947111651</td><td rowspan="1">200</td></tr><tr class="failedodd"><td><a href="#m6">withoutCheckdate</a></td><td rowspan="1">1520947183873</td><td rowspan="1">106</td></tr><tr class="failedodd"><td><a href="#m7">woLocation</a></td><td rowspan="1">1520947039874</td><td rowspan="1">230</td></tr><tr><th colspan="4">Test &#8212; passed</th></tr><tr class="passedeven"><td rowspan="2">org.mv.seleni.MavenTestNg.AdactinPageTest</td><td><a href="#m8">correctUserPass</a></td><td rowspan="1">1520946879715</td><td rowspan="1">3926</td></tr><tr class="passedeven"><td><a href="#m9">enablebox</a></td><td rowspan="1">1520946658111</td><td rowspan="1">458</td></tr></tbody>
</table>
<h2>Test</h2><h3 id="m0">org.mv.seleni.MavenTestNg.AdactinPageTest#correctUserWrongPass</h3><table class="result"><tr><th>Exception</th></tr><tr><td><div class="stacktrace">java.lang.AssertionError: expected [http://www.adactin.com/HotelApp/] but found [http://www.adactin.com/HotelApp/SearchHotel.php]
	at org.mv.seleni.MavenTestNg.AdactinPageTest.correctUserWrongPass(AdactinPageTest.java:27)
... Removed 31 stack frames</div></td></tr></table><p class="totop"><a href="#summary">back to summary</a></p>
<h3 id="m1">org.mv.seleni.MavenTestNg.AdactinPageTest#withoutUserPass</h3><table class="result"><tr><th>Exception</th></tr><tr><td><div class="stacktrace">java.lang.AssertionError: expected [http://www.adactin.com/HotelApp/] but found [http://www.adactin.com/HotelApp/SearchHotel.php]
	at org.mv.seleni.MavenTestNg.AdactinPageTest.withoutUserPass(AdactinPageTest.java:71)
... Removed 31 stack frames</div></td></tr></table><p class="totop"><a href="#summary">back to summary</a></p>
<h3 id="m2">org.mv.seleni.MavenTestNg.AdactinPageTest#wrongUser</h3><table class="result"><tr><th>Exception</th></tr><tr><td><div class="stacktrace">java.lang.AssertionError: expected [http://www.adactin.com/HotelApp/] but found [http://www.adactin.com/HotelApp/SearchHotel.php]
	at org.mv.seleni.MavenTestNg.AdactinPageTest.wrongUser(AdactinPageTest.java:50)
... Removed 31 stack frames</div></td></tr></table><p class="totop"><a href="#summary">back to summary</a></p>
<h3 id="m3">org.mv.seleni.MavenTestNg.AdactinSearchTest#correctUrl</h3><table class="result"><tr><th>Exception</th></tr><tr><td><div class="stacktrace">java.lang.AssertionError: expected [http://www.adactin.com/HotelApp/] but found [http://www.adactin.com/HotelApp/SearchHotel.php]
	at org.mv.seleni.MavenTestNg.AdactinSearchTest.correctUrl(AdactinSearchTest.java:21)
... Removed 31 stack frames</div></td></tr></table><p class="totop"><a href="#summary">back to summary</a></p>
<h3 id="m4">org.mv.seleni.MavenTestNg.AdactinSearchTest#pastCheckoutDate</h3><table class="result"><tr><th>Exception</th></tr><tr><td><div class="stacktrace">java.lang.IndexOutOfBoundsException: Index: 12, Size: 11
	at java.util.ArrayList.rangeCheck(Unknown Source)
	at java.util.ArrayList.get(Unknown Source)
	at org.demo.base.BaseClass.getDataExcel(BaseClass.java:220)
	at org.mv.seleni.MavenTestNg.AdactinSearchTest.pastCheckoutDate(AdactinSearchTest.java:33)
... Removed 25 stack frames</div></td></tr></table><p class="totop"><a href="#summary">back to summary</a></p>
<h3 id="m5">org.mv.seleni.MavenTestNg.AdactinSearchTest#rest</h3><table class="result"><tr><th>Exception</th></tr><tr><td><div class="stacktrace">java.lang.IndexOutOfBoundsException: Index: 14, Size: 11
	at java.util.ArrayList.rangeCheck(Unknown Source)
	at java.util.ArrayList.get(Unknown Source)
	at org.demo.base.BaseClass.getDataExcel(BaseClass.java:220)
	at org.mv.seleni.MavenTestNg.AdactinSearchTest.rest(AdactinSearchTest.java:44)
... Removed 25 stack frames</div></td></tr></table><p class="totop"><a href="#summary">back to summary</a></p>
<h3 id="m6">org.mv.seleni.MavenTestNg.AdactinSearchTest#withoutCheckdate</h3><table class="result"><tr><th>Exception</th></tr><tr><td><div class="stacktrace">java.lang.IndexOutOfBoundsException: Index: 16, Size: 11
	at java.util.ArrayList.rangeCheck(Unknown Source)
	at java.util.ArrayList.get(Unknown Source)
	at org.demo.base.BaseClass.getDataExcel(BaseClass.java:220)
	at org.mv.seleni.MavenTestNg.AdactinSearchTest.withoutCheckdate(AdactinSearchTest.java:53)
... Removed 25 stack frames</div></td></tr></table><p class="totop"><a href="#summary">back to summary</a></p>
<h3 id="m7">org.mv.seleni.MavenTestNg.AdactinSearchTest#woLocation</h3><table class="result"><tr><th>Exception</th></tr><tr><td><div class="stacktrace">org.openqa.selenium.NoSuchElementException: no such element: Unable to locate element: {&quot;method&quot;:&quot;id&quot;,&quot;selector&quot;:&quot;Submit&quot;}
  (Session info: chrome=64.0.3282.186)
  (Driver info: chromedriver=2.36.540470 (e522d04694c7ebea4ba8821272dbef4f9b818c91),platform=Windows NT 10.0.16299 x86_64) (WARNING: The server did not provide any stacktrace information)
Command duration or timeout: 0 milliseconds
For documentation on this error, please visit: http://seleniumhq.org/exceptions/no_such_element.html
Build info: version: &apos;3.10.0&apos;, revision: &apos;176b4a9&apos;, time: &apos;2018-03-02T19:03:16.397Z&apos;
System info: host: &apos;LENOVO&apos;, ip: &apos;192.168.1.3&apos;, os.name: &apos;Windows 10&apos;, os.arch: &apos;amd64&apos;, os.version: &apos;10.0&apos;, java.version: &apos;1.8.0_161&apos;
Driver info: org.openqa.selenium.chrome.ChromeDriver
Capabilities {acceptInsecureCerts: false, acceptSslCerts: false, applicationCacheEnabled: false, browserConnectionEnabled: false, browserName: chrome, chrome: {chromedriverVersion: 2.36.540470 (e522d04694c7eb..., userDataDir: C:\Users\ELCOT\AppData\Loca...}, cssSelectorsEnabled: true, databaseEnabled: false, handlesAlerts: true, hasTouchScreen: false, javascriptEnabled: true, locationContextEnabled: true, mobileEmulationEnabled: false, nativeEvents: true, networkConnectionEnabled: false, pageLoadStrategy: normal, platform: XP, platformName: XP, rotatable: false, setWindowRect: true, takesHeapSnapshot: true, takesScreenshot: true, unexpectedAlertBehaviour: , unhandledPromptBehavior: , version: 64.0.3282.186, webStorageEnabled: true}
Session ID: 33f286146868b6f4e2d66bea5c81deba
*** Element info: {Using=id, value=Submit}
	at org.openqa.selenium.remote.ErrorHandler.createThrowable(ErrorHandler.java:214)
	at org.openqa.selenium.remote.ErrorHandler.throwIfResponseFailed(ErrorHandler.java:166)
	at org.openqa.selenium.remote.http.JsonHttpResponseCodec.reconstructValue(JsonHttpResponseCodec.java:40)
	at org.openqa.selenium.remote.http.AbstractHttpResponseCodec.decode(AbstractHttpResponseCodec.java:80)
	at org.openqa.selenium.remote.http.AbstractHttpResponseCodec.decode(AbstractHttpResponseCodec.java:44)
	at org.openqa.selenium.remote.HttpCommandExecutor.execute(HttpCommandExecutor.java:160)
	at org.openqa.selenium.remote.service.DriverCommandExecutor.execute(DriverCommandExecutor.java:83)
	at org.openqa.selenium.remote.RemoteWebDriver.execute(RemoteWebDriver.java:601)
	at org.openqa.selenium.remote.RemoteWebDriver.findElement(RemoteWebDriver.java:371)
	at org.openqa.selenium.remote.RemoteWebDriver.findElementById(RemoteWebDriver.java:417)
	at org.openqa.selenium.By$ById.findElement(By.java:218)
	at org.openqa.selenium.remote.RemoteWebDriver.findElement(RemoteWebDriver.java:363)
	at org.openqa.selenium.support.pagefactory.DefaultElementLocator.findElement(DefaultElementLocator.java:69)
	at org.openqa.selenium.support.pagefactory.internal.LocatingElementHandler.invoke(LocatingElementHandler.java:38)
	at com.sun.proxy.$Proxy9.isDisplayed(Unknown Source)
	at org.demo.base.BaseClass.displayText(BaseClass.java:85)
	at org.demo.base.BaseClass.click(BaseClass.java:70)
	at org.mv.seleni.MavenTestNg.AdactinSearchTest.woLocation(AdactinSearchTest.java:26)
... Removed 29 stack frames</div></td></tr></table><p class="totop"><a href="#summary">back to summary</a></p>
<h3 id="m8">org.mv.seleni.MavenTestNg.AdactinPageTest#correctUserPass</h3><table class="result"><tr><th class="invisible"/></tr></table><p class="totop"><a href="#summary">back to summary</a></p>
<h3 id="m9">org.mv.seleni.MavenTestNg.AdactinPageTest#enablebox</h3><table class="result"><tr><th class="invisible"/></tr></table><p class="totop"><a href="#summary">back to summary</a></p>
</body>
</html>
